<?xml version="1.0" encoding="UTF-8"?>
<testng-results skipped="0" failed="0" ignored="0" total="1" passed="1">
  <reporter-output>
  </reporter-output>
  <suite name="Default suite" duration-ms="31178" started-at="2020-01-15T07:21:25Z" finished-at="2020-01-15T07:21:56Z">
    <groups>
    </groups>
    <test name="Default test" duration-ms="31178" started-at="2020-01-15T07:21:25Z" finished-at="2020-01-15T07:21:56Z">
      <class name="com.java.testcase.SeleniumeasyTestcase">
        <test-method status="PASS" signature="LaunchBrowser()[pri:0, instance:com.java.testcase.SeleniumeasyTestcase@77caeb3e]" name="LaunchBrowser" is-config="true" duration-ms="14550" started-at="2020-01-15T07:21:25Z" finished-at="2020-01-15T07:21:40Z">
          <reporter-output>
          </reporter-output>
        </test-method> <!-- LaunchBrowser -->
        <test-method status="PASS" signature="tc01()[pri:0, instance:com.java.testcase.SeleniumeasyTestcase@77caeb3e]" name="tc01" duration-ms="16570" started-at="2020-01-15T07:21:40Z" finished-at="2020-01-15T07:21:56Z">
          <reporter-output>
          </reporter-output>
        </test-method> <!-- tc01 -->
        <test-method status="PASS" signature="CloseBrowser()[pri:0, instance:com.java.testcase.SeleniumeasyTestcase@77caeb3e]" name="CloseBrowser" is-config="true" duration-ms="1" started-at="2020-01-15T07:21:56Z" finished-at="2020-01-15T07:21:56Z">
          <reporter-output>
          </reporter-output>
        </test-method> <!-- CloseBrowser -->
      </class> <!-- com.java.testcase.SeleniumeasyTestcase -->
    </test> <!-- Default test -->
  </suite> <!-- Default suite -->
</testng-results>
